<?xml version="1.0" encoding="UTF-8"?>
<!-- Generated by org.testng.reporters.JUnitReportReporter -->
<testsuite hostname="SV-22-QA-003-R" failures="0" tests="1" name="com.qa.justpark.JustParkTests" time="9.565" errors="0" timestamp="2023-02-15T15:13:02 IST" skipped="0">
  <testcase classname="com.qa.justpark.JustParkTests" name="verifyHomePageTitle" time="9.565"/>
  <system-out/>
</testsuite> <!-- com.qa.justpark.JustParkTests -->
